No GPU/TPU found, falling back to CPU. (Set TF_CPP_MIN_LOG_LEVEL=0 and rerun for more info.)
-------------------------------------------------------------------------------
Doing Imports
-------------------------------------------------------------------------------
Doing NumPyro setup
Starting program with 2 cores registering from jax.local_device_count()
-------------------------------------------------------------------------------
Doing MCMC
  0%|          | 0/800 [00:00<?, ?it/s]Compiling.. :   0%|          | 0/800 [00:00<?, ?it/s]
  0%|          | 0/800 [00:00<?, ?it/s][A
Compiling.. :   0%|          | 0/800 [00:00<?, ?it/s][A
Running chain 1:   0%|          | 0/800 [00:04<?, ?it/s][ARunning chain 0:   0%|          | 0/800 [00:04<?, ?it/s]Running chain 0: 100%|██████████| 800/800 [00:04<00:00, 163.85it/s]
Running chain 1: 100%|██████████| 800/800 [00:04<00:00, 163.85it/s]
Done
-------------------------------------------------------------------------------

                mean       std    median      5.0%     95.0%     n_eff     r_hat
         c      1.94      0.25      1.99      1.90      2.08     12.35      1.12
         m      1.00      0.01      1.00      1.00      1.00     12.29      1.12

Number of divergences: 0
-------------------------------------------------------------------------------
